2024-03-14 11:07:19,731 [Worker-5: Loading available Gradle versions] INFO  o.e.b.c.i.u.g.PublishedGradleVersions - Gradle version information cache is up-to-date. Trying to read.
2024-03-14 11:21:54,323 [Worker-12: Launching mavenrun-8abb529f-e7d2-4055-896b-c14ad31e2995] INFO  o.eclipse.m2e.core.internal.Bundles - getClasspathEntries(Bundle=org.eclipse.m2e.maven.runtime_3.9.600.20231203-1234 [354])
2024-03-14 11:21:54,326 [Worker-12: Launching mavenrun-8abb529f-e7d2-4055-896b-c14ad31e2995] INFO  o.eclipse.m2e.core.internal.Bundles - 	Entry: C:\Users\Patil\Downloads\sts-4.22.0.RELEASE\plugins\org.eclipse.m2e.maven.runtime_3.9.600.20231203-1234
2024-03-14 11:21:54,327 [Worker-12: Launching mavenrun-8abb529f-e7d2-4055-896b-c14ad31e2995] INFO  o.eclipse.m2e.core.internal.Bundles - 	Entry: C:\Users\Patil\Downloads\sts-4.22.0.RELEASE\plugins\org.eclipse.m2e.maven.runtime_3.9.600.20231203-1234\jars\aopalliance-1.0.jar
2024-03-14 11:21:54,327 [Worker-12: Launching mavenrun-8abb529f-e7d2-4055-896b-c14ad31e2995] INFO  o.eclipse.m2e.core.internal.Bundles - 	Entry: C:\Users\Patil\Downloads\sts-4.22.0.RELEASE\plugins\org.eclipse.m2e.maven.runtime_3.9.600.20231203-1234\jars\guice-5.1.0.jar
2024-03-14 11:21:54,327 [Worker-12: Launching mavenrun-8abb529f-e7d2-4055-896b-c14ad31e2995] INFO  o.eclipse.m2e.core.internal.Bundles - 	Entry: C:\Users\Patil\Downloads\sts-4.22.0.RELEASE\plugins\org.eclipse.m2e.maven.runtime_3.9.600.20231203-1234\jars\httpclient-4.5.14.jar
2024-03-14 11:21:54,328 [Worker-12: Launching mavenrun-8abb529f-e7d2-4055-896b-c14ad31e2995] INFO  o.eclipse.m2e.core.internal.Bundles - 	Entry: C:\Users\Patil\Downloads\sts-4.22.0.RELEASE\plugins\org.eclipse.m2e.maven.runtime_3.9.600.20231203-1234\jars\httpcore-4.4.16.jar
2024-03-14 11:21:54,328 [Worker-12: Launching mavenrun-8abb529f-e7d2-4055-896b-c14ad31e2995] INFO  o.eclipse.m2e.core.internal.Bundles - 	Entry: C:\Users\Patil\Downloads\sts-4.22.0.RELEASE\plugins\org.eclipse.m2e.maven.runtime_3.9.600.20231203-1234\jars\jansi-2.4.0.jar
2024-03-14 11:21:54,328 [Worker-12: Launching mavenrun-8abb529f-e7d2-4055-896b-c14ad31e2995] INFO  o.eclipse.m2e.core.internal.Bundles - 	Entry: C:\Users\Patil\Downloads\sts-4.22.0.RELEASE\plugins\org.eclipse.m2e.maven.runtime_3.9.600.20231203-1234\jars\jcl-over-slf4j-1.7.36.jar
2024-03-14 11:21:54,328 [Worker-12: Launching mavenrun-8abb529f-e7d2-4055-896b-c14ad31e2995] INFO  o.eclipse.m2e.core.internal.Bundles - 	Entry: C:\Users\Patil\Downloads\sts-4.22.0.RELEASE\plugins\org.eclipse.m2e.maven.runtime_3.9.600.20231203-1234\jars\maven-artifact-3.9.6.jar
2024-03-14 11:21:54,328 [Worker-12: Launching mavenrun-8abb529f-e7d2-4055-896b-c14ad31e2995] INFO  o.eclipse.m2e.core.internal.Bundles - 	Entry: C:\Users\Patil\Downloads\sts-4.22.0.RELEASE\plugins\org.eclipse.m2e.maven.runtime_3.9.600.20231203-1234\jars\maven-builder-support-3.9.6.jar
2024-03-14 11:21:54,328 [Worker-12: Launching mavenrun-8abb529f-e7d2-4055-896b-c14ad31e2995] INFO  o.eclipse.m2e.core.internal.Bundles - 	Entry: C:\Users\Patil\Downloads\sts-4.22.0.RELEASE\plugins\org.eclipse.m2e.maven.runtime_3.9.600.20231203-1234\jars\maven-compat-3.9.6.jar
2024-03-14 11:21:54,329 [Worker-12: Launching mavenrun-8abb529f-e7d2-4055-896b-c14ad31e2995] INFO  o.eclipse.m2e.core.internal.Bundles - 	Entry: C:\Users\Patil\Downloads\sts-4.22.0.RELEASE\plugins\org.eclipse.m2e.maven.runtime_3.9.600.20231203-1234\jars\maven-core-3.9.6.jar
2024-03-14 11:21:54,329 [Worker-12: Launching mavenrun-8abb529f-e7d2-4055-896b-c14ad31e2995] INFO  o.eclipse.m2e.core.internal.Bundles - 	Entry: C:\Users\Patil\Downloads\sts-4.22.0.RELEASE\plugins\org.eclipse.m2e.maven.runtime_3.9.600.20231203-1234\jars\maven-embedder-3.9.6.jar
2024-03-14 11:21:54,329 [Worker-12: Launching mavenrun-8abb529f-e7d2-4055-896b-c14ad31e2995] INFO  o.eclipse.m2e.core.internal.Bundles - 	Entry: C:\Users\Patil\Downloads\sts-4.22.0.RELEASE\plugins\org.eclipse.m2e.maven.runtime_3.9.600.20231203-1234\jars\maven-model-3.9.6.jar
2024-03-14 11:21:54,329 [Worker-12: Launching mavenrun-8abb529f-e7d2-4055-896b-c14ad31e2995] INFO  o.eclipse.m2e.core.internal.Bundles - 	Entry: C:\Users\Patil\Downloads\sts-4.22.0.RELEASE\plugins\org.eclipse.m2e.maven.runtime_3.9.600.20231203-1234\jars\maven-model-builder-3.9.6.jar
2024-03-14 11:21:54,330 [Worker-12: Launching mavenrun-8abb529f-e7d2-4055-896b-c14ad31e2995] INFO  o.eclipse.m2e.core.internal.Bundles - 	Entry: C:\Users\Patil\Downloads\sts-4.22.0.RELEASE\plugins\org.eclipse.m2e.maven.runtime_3.9.600.20231203-1234\jars\maven-plugin-api-3.9.6.jar
2024-03-14 11:21:54,330 [Worker-12: Launching mavenrun-8abb529f-e7d2-4055-896b-c14ad31e2995] INFO  o.eclipse.m2e.core.internal.Bundles - 	Entry: C:\Users\Patil\Downloads\sts-4.22.0.RELEASE\plugins\org.eclipse.m2e.maven.runtime_3.9.600.20231203-1234\jars\maven-repository-metadata-3.9.6.jar
2024-03-14 11:21:54,330 [Worker-12: Launching mavenrun-8abb529f-e7d2-4055-896b-c14ad31e2995] INFO  o.eclipse.m2e.core.internal.Bundles - 	Entry: C:\Users\Patil\Downloads\sts-4.22.0.RELEASE\plugins\org.eclipse.m2e.maven.runtime_3.9.600.20231203-1234\jars\maven-resolver-api-1.9.18.jar
2024-03-14 11:21:54,331 [Worker-12: Launching mavenrun-8abb529f-e7d2-4055-896b-c14ad31e2995] INFO  o.eclipse.m2e.core.internal.Bundles - 	Entry: C:\Users\Patil\Downloads\sts-4.22.0.RELEASE\plugins\org.eclipse.m2e.maven.runtime_3.9.600.20231203-1234\jars\maven-resolver-connector-basic-1.9.18.jar
2024-03-14 11:21:54,331 [Worker-12: Launching mavenrun-8abb529f-e7d2-4055-896b-c14ad31e2995] INFO  o.eclipse.m2e.core.internal.Bundles - 	Entry: C:\Users\Patil\Downloads\sts-4.22.0.RELEASE\plugins\org.eclipse.m2e.maven.runtime_3.9.600.20231203-1234\jars\maven-resolver-impl-1.9.18.jar
2024-03-14 11:21:54,331 [Worker-12: Launching mavenrun-8abb529f-e7d2-4055-896b-c14ad31e2995] INFO  o.eclipse.m2e.core.internal.Bundles - 	Entry: C:\Users\Patil\Downloads\sts-4.22.0.RELEASE\plugins\org.eclipse.m2e.maven.runtime_3.9.600.20231203-1234\jars\maven-resolver-named-locks-1.9.18.jar
2024-03-14 11:21:54,331 [Worker-12: Launching mavenrun-8abb529f-e7d2-4055-896b-c14ad31e2995] INFO  o.eclipse.m2e.core.internal.Bundles - 	Entry: C:\Users\Patil\Downloads\sts-4.22.0.RELEASE\plugins\org.eclipse.m2e.maven.runtime_3.9.600.20231203-1234\jars\maven-resolver-provider-3.9.6.jar
2024-03-14 11:21:54,331 [Worker-12: Launching mavenrun-8abb529f-e7d2-4055-896b-c14ad31e2995] INFO  o.eclipse.m2e.core.internal.Bundles - 	Entry: C:\Users\Patil\Downloads\sts-4.22.0.RELEASE\plugins\org.eclipse.m2e.maven.runtime_3.9.600.20231203-1234\jars\maven-resolver-spi-1.9.18.jar
2024-03-14 11:21:54,332 [Worker-12: Launching mavenrun-8abb529f-e7d2-4055-896b-c14ad31e2995] INFO  o.eclipse.m2e.core.internal.Bundles - 	Entry: C:\Users\Patil\Downloads\sts-4.22.0.RELEASE\plugins\org.eclipse.m2e.maven.runtime_3.9.600.20231203-1234\jars\maven-resolver-transport-file-1.9.18.jar
2024-03-14 11:21:54,332 [Worker-12: Launching mavenrun-8abb529f-e7d2-4055-896b-c14ad31e2995] INFO  o.eclipse.m2e.core.internal.Bundles - 	Entry: C:\Users\Patil\Downloads\sts-4.22.0.RELEASE\plugins\org.eclipse.m2e.maven.runtime_3.9.600.20231203-1234\jars\maven-resolver-transport-http-1.9.18.jar
2024-03-14 11:21:54,332 [Worker-12: Launching mavenrun-8abb529f-e7d2-4055-896b-c14ad31e2995] INFO  o.eclipse.m2e.core.internal.Bundles - 	Entry: C:\Users\Patil\Downloads\sts-4.22.0.RELEASE\plugins\org.eclipse.m2e.maven.runtime_3.9.600.20231203-1234\jars\maven-resolver-transport-wagon-1.9.18.jar
2024-03-14 11:21:54,332 [Worker-12: Launching mavenrun-8abb529f-e7d2-4055-896b-c14ad31e2995] INFO  o.eclipse.m2e.core.internal.Bundles - 	Entry: C:\Users\Patil\Downloads\sts-4.22.0.RELEASE\plugins\org.eclipse.m2e.maven.runtime_3.9.600.20231203-1234\jars\maven-resolver-util-1.9.18.jar
2024-03-14 11:21:54,332 [Worker-12: Launching mavenrun-8abb529f-e7d2-4055-896b-c14ad31e2995] INFO  o.eclipse.m2e.core.internal.Bundles - 	Entry: C:\Users\Patil\Downloads\sts-4.22.0.RELEASE\plugins\org.eclipse.m2e.maven.runtime_3.9.600.20231203-1234\jars\maven-settings-3.9.6.jar
2024-03-14 11:21:54,332 [Worker-12: Launching mavenrun-8abb529f-e7d2-4055-896b-c14ad31e2995] INFO  o.eclipse.m2e.core.internal.Bundles - 	Entry: C:\Users\Patil\Downloads\sts-4.22.0.RELEASE\plugins\org.eclipse.m2e.maven.runtime_3.9.600.20231203-1234\jars\maven-settings-builder-3.9.6.jar
2024-03-14 11:21:54,333 [Worker-12: Launching mavenrun-8abb529f-e7d2-4055-896b-c14ad31e2995] INFO  o.eclipse.m2e.core.internal.Bundles - 	Entry: C:\Users\Patil\Downloads\sts-4.22.0.RELEASE\plugins\org.eclipse.m2e.maven.runtime_3.9.600.20231203-1234\jars\maven-shared-utils-3.3.4.jar
2024-03-14 11:21:54,333 [Worker-12: Launching mavenrun-8abb529f-e7d2-4055-896b-c14ad31e2995] INFO  o.eclipse.m2e.core.internal.Bundles - 	Entry: C:\Users\Patil\Downloads\sts-4.22.0.RELEASE\plugins\org.eclipse.m2e.maven.runtime_3.9.600.20231203-1234\jars\org.eclipse.sisu.inject-0.9.0.M2.jar
2024-03-14 11:21:54,333 [Worker-12: Launching mavenrun-8abb529f-e7d2-4055-896b-c14ad31e2995] INFO  o.eclipse.m2e.core.internal.Bundles - 	Entry: C:\Users\Patil\Downloads\sts-4.22.0.RELEASE\plugins\org.eclipse.m2e.maven.runtime_3.9.600.20231203-1234\jars\org.eclipse.sisu.plexus-0.9.0.M2.jar
2024-03-14 11:21:54,333 [Worker-12: Launching mavenrun-8abb529f-e7d2-4055-896b-c14ad31e2995] INFO  o.eclipse.m2e.core.internal.Bundles - 	Entry: C:\Users\Patil\Downloads\sts-4.22.0.RELEASE\plugins\org.eclipse.m2e.maven.runtime_3.9.600.20231203-1234\jars\plexus-build-api-0.0.7.jar
2024-03-14 11:21:54,333 [Worker-12: Launching mavenrun-8abb529f-e7d2-4055-896b-c14ad31e2995] INFO  o.eclipse.m2e.core.internal.Bundles - 	Entry: C:\Users\Patil\Downloads\sts-4.22.0.RELEASE\plugins\org.eclipse.m2e.maven.runtime_3.9.600.20231203-1234\jars\plexus-cipher-2.0.jar
2024-03-14 11:21:54,334 [Worker-12: Launching mavenrun-8abb529f-e7d2-4055-896b-c14ad31e2995] INFO  o.eclipse.m2e.core.internal.Bundles - 	Entry: C:\Users\Patil\Downloads\sts-4.22.0.RELEASE\plugins\org.eclipse.m2e.maven.runtime_3.9.600.20231203-1234\jars\plexus-classworlds-2.7.0.jar
2024-03-14 11:21:54,334 [Worker-12: Launching mavenrun-8abb529f-e7d2-4055-896b-c14ad31e2995] INFO  o.eclipse.m2e.core.internal.Bundles - 	Entry: C:\Users\Patil\Downloads\sts-4.22.0.RELEASE\plugins\org.eclipse.m2e.maven.runtime_3.9.600.20231203-1234\jars\plexus-component-annotations-2.1.0.jar
2024-03-14 11:21:54,334 [Worker-12: Launching mavenrun-8abb529f-e7d2-4055-896b-c14ad31e2995] INFO  o.eclipse.m2e.core.internal.Bundles - 	Entry: C:\Users\Patil\Downloads\sts-4.22.0.RELEASE\plugins\org.eclipse.m2e.maven.runtime_3.9.600.20231203-1234\jars\plexus-interpolation-1.26.jar
2024-03-14 11:21:54,334 [Worker-12: Launching mavenrun-8abb529f-e7d2-4055-896b-c14ad31e2995] INFO  o.eclipse.m2e.core.internal.Bundles - 	Entry: C:\Users\Patil\Downloads\sts-4.22.0.RELEASE\plugins\org.eclipse.m2e.maven.runtime_3.9.600.20231203-1234\jars\plexus-sec-dispatcher-2.0.jar
2024-03-14 11:21:54,335 [Worker-12: Launching mavenrun-8abb529f-e7d2-4055-896b-c14ad31e2995] INFO  o.eclipse.m2e.core.internal.Bundles - 	Entry: C:\Users\Patil\Downloads\sts-4.22.0.RELEASE\plugins\org.eclipse.m2e.maven.runtime_3.9.600.20231203-1234\jars\plexus-utils-3.5.1.jar
2024-03-14 11:21:54,335 [Worker-12: Launching mavenrun-8abb529f-e7d2-4055-896b-c14ad31e2995] INFO  o.eclipse.m2e.core.internal.Bundles - 	Entry: C:\Users\Patil\Downloads\sts-4.22.0.RELEASE\plugins\org.eclipse.m2e.maven.runtime_3.9.600.20231203-1234\jars\wagon-file-3.5.3.jar
2024-03-14 11:21:54,335 [Worker-12: Launching mavenrun-8abb529f-e7d2-4055-896b-c14ad31e2995] INFO  o.eclipse.m2e.core.internal.Bundles - 	Entry: C:\Users\Patil\Downloads\sts-4.22.0.RELEASE\plugins\org.eclipse.m2e.maven.runtime_3.9.600.20231203-1234\jars\wagon-http-3.5.3.jar
2024-03-14 11:21:54,335 [Worker-12: Launching mavenrun-8abb529f-e7d2-4055-896b-c14ad31e2995] INFO  o.eclipse.m2e.core.internal.Bundles - 	Entry: C:\Users\Patil\Downloads\sts-4.22.0.RELEASE\plugins\org.eclipse.m2e.maven.runtime_3.9.600.20231203-1234\jars\wagon-http-shared-3.5.3.jar
2024-03-14 11:21:54,336 [Worker-12: Launching mavenrun-8abb529f-e7d2-4055-896b-c14ad31e2995] INFO  o.eclipse.m2e.core.internal.Bundles - 	Entry: C:\Users\Patil\Downloads\sts-4.22.0.RELEASE\plugins\org.eclipse.m2e.maven.runtime_3.9.600.20231203-1234\jars\wagon-provider-api-3.5.3.jar
2024-03-14 11:21:54,338 [Worker-12: Launching mavenrun-8abb529f-e7d2-4055-896b-c14ad31e2995] INFO  o.eclipse.m2e.core.internal.Bundles - getClasspathEntries(Bundle=com.google.guava_33.0.0.jre [27])
2024-03-14 11:21:54,339 [Worker-12: Launching mavenrun-8abb529f-e7d2-4055-896b-c14ad31e2995] INFO  o.eclipse.m2e.core.internal.Bundles - 	Entry: C:\Users\Patil\Downloads\sts-4.22.0.RELEASE\plugins\com.google.guava_33.0.0.jre.jar
2024-03-14 11:21:54,339 [Worker-12: Launching mavenrun-8abb529f-e7d2-4055-896b-c14ad31e2995] INFO  o.eclipse.m2e.core.internal.Bundles - getClasspathEntries(Bundle=slf4j.api_2.0.12 [583])
2024-03-14 11:21:54,339 [Worker-12: Launching mavenrun-8abb529f-e7d2-4055-896b-c14ad31e2995] INFO  o.eclipse.m2e.core.internal.Bundles - 	Entry: C:\Users\Patil\Downloads\sts-4.22.0.RELEASE\plugins\slf4j.api_2.0.12.jar
2024-03-14 11:21:54,339 [Worker-12: Launching mavenrun-8abb529f-e7d2-4055-896b-c14ad31e2995] INFO  o.eclipse.m2e.core.internal.Bundles - getClasspathEntries(Bundle=jakarta.inject.jakarta.inject-api_1.0.5 [44])
2024-03-14 11:21:54,339 [Worker-12: Launching mavenrun-8abb529f-e7d2-4055-896b-c14ad31e2995] INFO  o.eclipse.m2e.core.internal.Bundles - 	Entry: C:\Users\Patil\Downloads\sts-4.22.0.RELEASE\plugins\jakarta.inject.jakarta.inject-api_1.0.5.jar
2024-03-14 11:21:54,339 [Worker-12: Launching mavenrun-8abb529f-e7d2-4055-896b-c14ad31e2995] INFO  o.eclipse.m2e.core.internal.Bundles - getClasspathEntries(Bundle=jakarta.annotation-api_1.3.5 [40])
2024-03-14 11:21:54,340 [Worker-12: Launching mavenrun-8abb529f-e7d2-4055-896b-c14ad31e2995] INFO  o.eclipse.m2e.core.internal.Bundles - 	Entry: C:\Users\Patil\Downloads\sts-4.22.0.RELEASE\plugins\jakarta.annotation-api_1.3.5.jar
2024-03-14 11:21:54,340 [Worker-12: Launching mavenrun-8abb529f-e7d2-4055-896b-c14ad31e2995] INFO  o.eclipse.m2e.core.internal.Bundles - getClasspathEntries(Bundle=org.apache.commons.cli_1.6.0 [75])
2024-03-14 11:21:54,340 [Worker-12: Launching mavenrun-8abb529f-e7d2-4055-896b-c14ad31e2995] INFO  o.eclipse.m2e.core.internal.Bundles - 	Entry: C:\Users\Patil\Downloads\sts-4.22.0.RELEASE\plugins\org.apache.commons.cli_1.6.0.jar
2024-03-14 11:21:54,340 [Worker-12: Launching mavenrun-8abb529f-e7d2-4055-896b-c14ad31e2995] INFO  o.eclipse.m2e.core.internal.Bundles - getClasspathEntries(Bundle=org.apache.commons.commons-codec_1.16.0 [77])
2024-03-14 11:21:54,340 [Worker-12: Launching mavenrun-8abb529f-e7d2-4055-896b-c14ad31e2995] INFO  o.eclipse.m2e.core.internal.Bundles - 	Entry: C:\Users\Patil\Downloads\sts-4.22.0.RELEASE\plugins\org.apache.commons.commons-codec_1.16.0.jar
2024-03-14 11:21:54,341 [Worker-12: Launching mavenrun-8abb529f-e7d2-4055-896b-c14ad31e2995] INFO  o.eclipse.m2e.core.internal.Bundles - getClasspathEntries(Bundle=org.apache.commons.lang3_3.14.0 [81])
2024-03-14 11:21:54,341 [Worker-12: Launching mavenrun-8abb529f-e7d2-4055-896b-c14ad31e2995] INFO  o.eclipse.m2e.core.internal.Bundles - 	Entry: C:\Users\Patil\Downloads\sts-4.22.0.RELEASE\plugins\org.apache.commons.lang3_3.14.0.jar
2024-03-14 11:21:54,341 [Worker-12: Launching mavenrun-8abb529f-e7d2-4055-896b-c14ad31e2995] INFO  o.eclipse.m2e.core.internal.Bundles - getClasspathEntries(Bundle=com.google.guava.failureaccess_1.0.2 [29])
2024-03-14 11:21:54,341 [Worker-12: Launching mavenrun-8abb529f-e7d2-4055-896b-c14ad31e2995] INFO  o.eclipse.m2e.core.internal.Bundles - 	Entry: C:\Users\Patil\Downloads\sts-4.22.0.RELEASE\plugins\com.google.guava.failureaccess_1.0.2.jar
2024-03-14 11:21:54,349 [Worker-12: Launching mavenrun-8abb529f-e7d2-4055-896b-c14ad31e2995] INFO  o.e.m.i.launch.MavenLaunchDelegate - Run build in "C:\Users\Patil\AppData\Local\Temp\m2e-archetypeGenerator18220026168476398515":
2024-03-14 11:21:54,352 [Worker-12: Launching mavenrun-8abb529f-e7d2-4055-896b-c14ad31e2995] INFO  o.e.m.i.launch.MavenLaunchDelegate -  mvn  -DarchetypeGroupId=co.ntier -DarchetypeArtifactId=spring-mvc-archetype -DarchetypeVersion=1.0.2 -DgroupId=wellman.ltd -DartifactId=Springmvc -Dversion=0.0.1-SNAPSHOT -Dpackage=wellman.ltd.Springmvc -DoutputDirectory=C:\Users\Patil\Documents\workspace-spring-tool-suite-4-4.22.0.RELEASE -Dstyle.color=always -U archetype:generate
2024-03-14 11:23:22,843 [Worker-14: Creating spring-mvc-archetype] INFO  o.e.m.c.i.p.ProjectConfigurationManager - Collecting project info '/pom.xml' C:\Users\Patil\Documents\workspace-spring-tool-suite-4-4.22.0.RELEASE\Springmvc\pom.xml
2024-03-14 11:23:23,826 [Worker-14: Creating spring-mvc-archetype] INFO  o.e.m.c.i.e.AbstractTransferListenerAdapter - Downloading https://repo.maven.apache.org/maven2/org/apache/maven/plugins/maven-resources-plugin/3.3.1/maven-resources-plugin-3.3.1.jar
2024-03-14 11:23:23,912 [Worker-14: Creating spring-mvc-archetype] INFO  o.e.m.c.i.e.AbstractTransferListenerAdapter - Downloaded https://repo.maven.apache.org/maven2/org/apache/maven/plugins/maven-resources-plugin/3.3.1/maven-resources-plugin-3.3.1.jar
2024-03-14 11:23:23,988 [Worker-14: Creating spring-mvc-archetype] INFO  o.e.m.c.i.e.AbstractTransferListenerAdapter - Downloading https://repo.maven.apache.org/maven2/org/apache/maven/plugins/maven-surefire-plugin/3.2.2/maven-surefire-plugin-3.2.2.jar
2024-03-14 11:23:24,100 [Worker-14: Creating spring-mvc-archetype] INFO  o.e.m.c.i.e.AbstractTransferListenerAdapter - Downloaded https://repo.maven.apache.org/maven2/org/apache/maven/plugins/maven-surefire-plugin/3.2.2/maven-surefire-plugin-3.2.2.jar
2024-03-14 11:23:24,161 [Worker-14: Creating spring-mvc-archetype] INFO  o.e.m.c.i.e.AbstractTransferListenerAdapter - Downloading https://repo.maven.apache.org/maven2/org/apache/maven/plugins/maven-war-plugin/3.4.0/maven-war-plugin-3.4.0.jar
2024-03-14 11:23:24,394 [Worker-14: Creating spring-mvc-archetype] INFO  o.e.m.c.i.e.AbstractTransferListenerAdapter - Downloaded https://repo.maven.apache.org/maven2/org/apache/maven/plugins/maven-war-plugin/3.4.0/maven-war-plugin-3.4.0.jar
2024-03-14 11:23:24,714 [Worker-14: Creating spring-mvc-archetype] INFO  o.e.m.c.i.l.LifecycleMappingFactory - Using org.maven.ide.eclipse.wtp.WarLifecycleMapping lifecycle mapping for MavenProject: wellman.ltd:Springmvc:0.0.1-SNAPSHOT @ C:\Users\Patil\Documents\workspace-spring-tool-suite-4-4.22.0.RELEASE\Springmvc\pom.xml.
2024-03-14 11:23:25,208 [Worker-14: Creating spring-mvc-archetype] INFO  o.e.m.c.i.e.AbstractTransferListenerAdapter - Downloading https://repo.maven.apache.org/maven2/org/apache/maven/plugins/maven-resources-plugin/3.3.1/maven-resources-plugin-3.3.1.pom
2024-03-14 11:23:25,219 [Worker-14: Creating spring-mvc-archetype] INFO  o.e.m.c.i.e.AbstractTransferListenerAdapter - Downloaded https://repo.maven.apache.org/maven2/org/apache/maven/plugins/maven-resources-plugin/3.3.1/maven-resources-plugin-3.3.1.pom
2024-03-14 11:23:25,315 [Worker-14: Creating spring-mvc-archetype] INFO  o.e.m.c.i.e.AbstractTransferListenerAdapter - Downloading https://repo.maven.apache.org/maven2/org/apache/maven/plugins/maven-war-plugin/3.4.0/maven-war-plugin-3.4.0.pom
2024-03-14 11:23:25,320 [Worker-14: Creating spring-mvc-archetype] INFO  o.e.m.c.i.e.AbstractTransferListenerAdapter - Downloaded https://repo.maven.apache.org/maven2/org/apache/maven/plugins/maven-war-plugin/3.4.0/maven-war-plugin-3.4.0.pom
2024-03-14 11:23:25,438 [Worker-14: Creating spring-mvc-archetype] INFO  o.e.m.c.i.e.AbstractTransferListenerAdapter - Downloading https://repo.maven.apache.org/maven2/org/apache/maven/plugins/maven-surefire-plugin/3.2.2/maven-surefire-plugin-3.2.2.pom
2024-03-14 11:23:25,446 [Worker-14: Creating spring-mvc-archetype] INFO  o.e.m.c.i.e.AbstractTransferListenerAdapter - Downloaded https://repo.maven.apache.org/maven2/org/apache/maven/plugins/maven-surefire-plugin/3.2.2/maven-surefire-plugin-3.2.2.pom
2024-03-14 11:23:25,496 [Worker-14: Creating spring-mvc-archetype] INFO  o.e.m.c.i.e.AbstractTransferListenerAdapter - Downloading https://repo.maven.apache.org/maven2/org/apache/maven/surefire/surefire/3.2.2/surefire-3.2.2.pom
2024-03-14 11:23:25,516 [Worker-14: Creating spring-mvc-archetype] INFO  o.e.m.c.i.e.AbstractTransferListenerAdapter - Downloaded https://repo.maven.apache.org/maven2/org/apache/maven/surefire/surefire/3.2.2/surefire-3.2.2.pom
2024-03-14 11:23:25,589 [Worker-14: Creating spring-mvc-archetype] INFO  o.e.m.c.i.e.AbstractTransferListenerAdapter - Downloading https://repo.maven.apache.org/maven2/org/junit/junit-bom/5.9.3/junit-bom-5.9.3.pom
2024-03-14 11:23:25,599 [Worker-14: Creating spring-mvc-archetype] INFO  o.e.m.c.i.e.AbstractTransferListenerAdapter - Downloaded https://repo.maven.apache.org/maven2/org/junit/junit-bom/5.9.3/junit-bom-5.9.3.pom
2024-03-14 11:23:25,698 [Worker-14: Creating spring-mvc-archetype] INFO  o.e.m.c.i.e.AbstractTransferListenerAdapter - Downloading https://repo.maven.apache.org/maven2/org/apache/maven/maven-archiver/3.6.0/maven-archiver-3.6.0.pom
2024-03-14 11:23:25,703 [Worker-14: Creating spring-mvc-archetype] INFO  o.e.m.c.i.e.AbstractTransferListenerAdapter - Downloaded https://repo.maven.apache.org/maven2/org/apache/maven/maven-archiver/3.6.0/maven-archiver-3.6.0.pom
2024-03-14 11:23:25,780 [Worker-14: Creating spring-mvc-archetype] INFO  o.e.m.c.i.e.AbstractTransferListenerAdapter - Downloading https://repo.maven.apache.org/maven2/org/apache/maven/shared/maven-shared-components/36/maven-shared-components-36.pom
2024-03-14 11:23:25,785 [Worker-14: Creating spring-mvc-archetype] INFO  o.e.m.c.i.e.AbstractTransferListenerAdapter - Downloaded https://repo.maven.apache.org/maven2/org/apache/maven/shared/maven-shared-components/36/maven-shared-components-36.pom
2024-03-14 11:23:25,881 [Worker-14: Creating spring-mvc-archetype] INFO  o.e.m.c.i.e.AbstractTransferListenerAdapter - Downloading https://repo.maven.apache.org/maven2/org/codehaus/plexus/plexus-io/3.4.0/plexus-io-3.4.0.pom
2024-03-14 11:23:25,886 [Worker-14: Creating spring-mvc-archetype] INFO  o.e.m.c.i.e.AbstractTransferListenerAdapter - Downloaded https://repo.maven.apache.org/maven2/org/codehaus/plexus/plexus-io/3.4.0/plexus-io-3.4.0.pom
2024-03-14 11:23:25,944 [Worker-14: Creating spring-mvc-archetype] INFO  o.e.m.c.i.e.AbstractTransferListenerAdapter - Downloading https://repo.maven.apache.org/maven2/org/codehaus/plexus/plexus/10/plexus-10.pom
2024-03-14 11:23:25,966 [Worker-14: Creating spring-mvc-archetype] INFO  o.e.m.c.i.e.AbstractTransferListenerAdapter - Downloaded https://repo.maven.apache.org/maven2/org/codehaus/plexus/plexus/10/plexus-10.pom
2024-03-14 11:23:26,024 [Worker-14: Creating spring-mvc-archetype] INFO  o.e.m.c.i.e.AbstractTransferListenerAdapter - Downloading https://repo.maven.apache.org/maven2/javax/inject/javax.inject/1/javax.inject-1.pom
2024-03-14 11:23:26,029 [Worker-14: Creating spring-mvc-archetype] INFO  o.e.m.c.i.e.AbstractTransferListenerAdapter - Downloaded https://repo.maven.apache.org/maven2/javax/inject/javax.inject/1/javax.inject-1.pom
2024-03-14 11:23:26,129 [Worker-14: Creating spring-mvc-archetype] INFO  o.e.m.c.i.e.AbstractTransferListenerAdapter - Downloading https://repo.maven.apache.org/maven2/org/codehaus/plexus/plexus-utils/3.5.0/plexus-utils-3.5.0.pom
2024-03-14 11:23:26,150 [Worker-14: Creating spring-mvc-archetype] INFO  o.e.m.c.i.e.AbstractTransferListenerAdapter - Downloaded https://repo.maven.apache.org/maven2/org/codehaus/plexus/plexus-utils/3.5.0/plexus-utils-3.5.0.pom
2024-03-14 11:23:26,213 [Worker-14: Creating spring-mvc-archetype] INFO  o.e.m.c.i.e.AbstractTransferListenerAdapter - Downloading https://repo.maven.apache.org/maven2/commons-io/commons-io/2.11.0/commons-io-2.11.0.pom
2024-03-14 11:23:26,236 [Worker-14: Creating spring-mvc-archetype] INFO  o.e.m.c.i.e.AbstractTransferListenerAdapter - Downloaded https://repo.maven.apache.org/maven2/commons-io/commons-io/2.11.0/commons-io-2.11.0.pom
2024-03-14 11:23:26,325 [Worker-14: Creating spring-mvc-archetype] INFO  o.e.m.c.i.e.AbstractTransferListenerAdapter - Downloading https://repo.maven.apache.org/maven2/org/apache/commons/commons-parent/52/commons-parent-52.pom
2024-03-14 11:23:26,507 [Worker-14: Creating spring-mvc-archetype] INFO  o.e.m.c.i.e.AbstractTransferListenerAdapter - Downloaded https://repo.maven.apache.org/maven2/org/apache/commons/commons-parent/52/commons-parent-52.pom
2024-03-14 11:23:26,575 [Worker-14: Creating spring-mvc-archetype] INFO  o.e.m.c.i.e.AbstractTransferListenerAdapter - Downloading https://repo.maven.apache.org/maven2/org/junit/junit-bom/5.7.2/junit-bom-5.7.2.pom
2024-03-14 11:23:26,583 [Worker-14: Creating spring-mvc-archetype] INFO  o.e.m.c.i.e.AbstractTransferListenerAdapter - Downloaded https://repo.maven.apache.org/maven2/org/junit/junit-bom/5.7.2/junit-bom-5.7.2.pom
2024-03-14 11:23:26,648 [Worker-14: Creating spring-mvc-archetype] INFO  o.e.m.c.i.e.AbstractTransferListenerAdapter - Downloading https://repo.maven.apache.org/maven2/org/codehaus/plexus/plexus-archiver/4.4.0/plexus-archiver-4.4.0.pom
2024-03-14 11:23:26,654 [Worker-14: Creating spring-mvc-archetype] INFO  o.e.m.c.i.e.AbstractTransferListenerAdapter - Downloaded https://repo.maven.apache.org/maven2/org/codehaus/plexus/plexus-archiver/4.4.0/plexus-archiver-4.4.0.pom
2024-03-14 11:23:26,703 [Worker-14: Creating spring-mvc-archetype] INFO  o.e.m.c.i.e.AbstractTransferListenerAdapter - Downloading https://repo.maven.apache.org/maven2/org/apache/commons/commons-compress/1.21/commons-compress-1.21.pom
2024-03-14 11:23:26,728 [Worker-14: Creating spring-mvc-archetype] INFO  o.e.m.c.i.e.AbstractTransferListenerAdapter - Downloaded https://repo.maven.apache.org/maven2/org/apache/commons/commons-compress/1.21/commons-compress-1.21.pom
2024-03-14 11:23:26,791 [Worker-14: Creating spring-mvc-archetype] INFO  o.e.m.c.i.e.AbstractTransferListenerAdapter - Downloading https://repo.maven.apache.org/maven2/org/slf4j/slf4j-api/1.7.36/slf4j-api-1.7.36.pom
2024-03-14 11:23:26,796 [Worker-14: Creating spring-mvc-archetype] INFO  o.e.m.c.i.e.AbstractTransferListenerAdapter - Downloaded https://repo.maven.apache.org/maven2/org/slf4j/slf4j-api/1.7.36/slf4j-api-1.7.36.pom
2024-03-14 11:23:26,854 [Worker-14: Creating spring-mvc-archetype] INFO  o.e.m.c.i.e.AbstractTransferListenerAdapter - Downloading https://repo.maven.apache.org/maven2/org/slf4j/slf4j-parent/1.7.36/slf4j-parent-1.7.36.pom
2024-03-14 11:23:26,871 [Worker-14: Creating spring-mvc-archetype] INFO  o.e.m.c.i.e.AbstractTransferListenerAdapter - Downloaded https://repo.maven.apache.org/maven2/org/slf4j/slf4j-parent/1.7.36/slf4j-parent-1.7.36.pom
2024-03-14 11:23:26,930 [Worker-14: Creating spring-mvc-archetype] INFO  o.e.m.c.i.e.AbstractTransferListenerAdapter - Downloading https://repo.maven.apache.org/maven2/org/tukaani/xz/1.9/xz-1.9.pom
2024-03-14 11:23:26,935 [Worker-14: Creating spring-mvc-archetype] INFO  o.e.m.c.i.e.AbstractTransferListenerAdapter - Downloaded https://repo.maven.apache.org/maven2/org/tukaani/xz/1.9/xz-1.9.pom
2024-03-14 11:23:27,003 [Worker-14: Creating spring-mvc-archetype] INFO  o.e.m.c.i.e.AbstractTransferListenerAdapter - Downloading https://repo.maven.apache.org/maven2/org/apache/maven/shared/maven-shared-utils/3.4.2/maven-shared-utils-3.4.2.pom
2024-03-14 11:23:27,008 [Worker-14: Creating spring-mvc-archetype] INFO  o.e.m.c.i.e.AbstractTransferListenerAdapter - Downloaded https://repo.maven.apache.org/maven2/org/apache/maven/shared/maven-shared-utils/3.4.2/maven-shared-utils-3.4.2.pom
2024-03-14 11:23:27,080 [Worker-14: Creating spring-mvc-archetype] INFO  o.e.m.c.i.e.AbstractTransferListenerAdapter - Downloading https://repo.maven.apache.org/maven2/org/apache/maven/shared/maven-shared-components/39/maven-shared-components-39.pom
2024-03-14 11:23:27,086 [Worker-14: Creating spring-mvc-archetype] INFO  o.e.m.c.i.e.AbstractTransferListenerAdapter - Downloaded https://repo.maven.apache.org/maven2/org/apache/maven/shared/maven-shared-components/39/maven-shared-components-39.pom
2024-03-14 11:23:27,146 [Worker-14: Creating spring-mvc-archetype] INFO  o.e.m.c.i.e.AbstractTransferListenerAdapter - Downloading https://repo.maven.apache.org/maven2/commons-io/commons-io/2.13.0/commons-io-2.13.0.pom
2024-03-14 11:23:27,174 [Worker-14: Creating spring-mvc-archetype] INFO  o.e.m.c.i.e.AbstractTransferListenerAdapter - Downloaded https://repo.maven.apache.org/maven2/commons-io/commons-io/2.13.0/commons-io-2.13.0.pom
2024-03-14 11:23:27,227 [Worker-14: Creating spring-mvc-archetype] INFO  o.e.m.c.i.e.AbstractTransferListenerAdapter - Downloading https://repo.maven.apache.org/maven2/org/apache/commons/commons-parent/58/commons-parent-58.pom
2024-03-14 11:23:27,448 [Worker-14: Creating spring-mvc-archetype] INFO  o.e.m.c.i.e.AbstractTransferListenerAdapter - Downloaded https://repo.maven.apache.org/maven2/org/apache/commons/commons-parent/58/commons-parent-58.pom
2024-03-14 11:23:27,556 [Worker-14: Creating spring-mvc-archetype] INFO  o.e.m.c.i.e.AbstractTransferListenerAdapter - Downloading https://repo.maven.apache.org/maven2/org/codehaus/plexus/plexus-archiver/4.7.1/plexus-archiver-4.7.1.pom
2024-03-14 11:23:27,562 [Worker-14: Creating spring-mvc-archetype] INFO  o.e.m.c.i.e.AbstractTransferListenerAdapter - Downloaded https://repo.maven.apache.org/maven2/org/codehaus/plexus/plexus-archiver/4.7.1/plexus-archiver-4.7.1.pom
2024-03-14 11:23:27,635 [Worker-14: Creating spring-mvc-archetype] INFO  o.e.m.c.i.e.AbstractTransferListenerAdapter - Downloading https://repo.maven.apache.org/maven2/org/codehaus/plexus/plexus-io/3.4.1/plexus-io-3.4.1.pom
2024-03-14 11:23:27,641 [Worker-14: Creating spring-mvc-archetype] INFO  o.e.m.c.i.e.AbstractTransferListenerAdapter - Downloaded https://repo.maven.apache.org/maven2/org/codehaus/plexus/plexus-io/3.4.1/plexus-io-3.4.1.pom
2024-03-14 11:23:27,713 [Worker-14: Creating spring-mvc-archetype] INFO  o.e.m.c.i.e.AbstractTransferListenerAdapter - Downloading https://repo.maven.apache.org/maven2/org/apache/commons/commons-compress/1.23.0/commons-compress-1.23.0.pom
2024-03-14 11:23:27,724 [Worker-14: Creating spring-mvc-archetype] INFO  o.e.m.c.i.e.AbstractTransferListenerAdapter - Downloaded https://repo.maven.apache.org/maven2/org/apache/commons/commons-compress/1.23.0/commons-compress-1.23.0.pom
2024-03-14 11:23:27,784 [Worker-14: Creating spring-mvc-archetype] INFO  o.e.m.c.i.e.AbstractTransferListenerAdapter - Downloading https://repo.maven.apache.org/maven2/org/apache/commons/commons-parent/56/commons-parent-56.pom
2024-03-14 11:23:27,945 [Worker-14: Creating spring-mvc-archetype] INFO  o.e.m.c.i.e.AbstractTransferListenerAdapter - Downloaded https://repo.maven.apache.org/maven2/org/apache/commons/commons-parent/56/commons-parent-56.pom
2024-03-14 11:23:28,038 [Worker-14: Creating spring-mvc-archetype] INFO  o.e.m.c.i.e.AbstractTransferListenerAdapter - Downloading https://repo.maven.apache.org/maven2/org/junit/junit-bom/5.9.1/junit-bom-5.9.1.pom
2024-03-14 11:23:28,043 [Worker-14: Creating spring-mvc-archetype] INFO  o.e.m.c.i.e.AbstractTransferListenerAdapter - Downloaded https://repo.maven.apache.org/maven2/org/junit/junit-bom/5.9.1/junit-bom-5.9.1.pom
2024-03-14 11:23:28,117 [Worker-14: Creating spring-mvc-archetype] INFO  o.e.m.c.i.e.AbstractTransferListenerAdapter - Downloading https://repo.maven.apache.org/maven2/com/github/luben/zstd-jni/1.5.5-2/zstd-jni-1.5.5-2.pom
2024-03-14 11:23:28,123 [Worker-14: Creating spring-mvc-archetype] INFO  o.e.m.c.i.e.AbstractTransferListenerAdapter - Downloaded https://repo.maven.apache.org/maven2/com/github/luben/zstd-jni/1.5.5-2/zstd-jni-1.5.5-2.pom
2024-03-14 11:23:28,184 [Worker-14: Creating spring-mvc-archetype] INFO  o.e.m.c.i.e.AbstractTransferListenerAdapter - Downloading https://repo.maven.apache.org/maven2/org/codehaus/plexus/plexus-utils/3.5.1/plexus-utils-3.5.1.pom
2024-03-14 11:23:28,200 [Worker-14: Creating spring-mvc-archetype] INFO  o.e.m.c.i.e.AbstractTransferListenerAdapter - Downloaded https://repo.maven.apache.org/maven2/org/codehaus/plexus/plexus-utils/3.5.1/plexus-utils-3.5.1.pom
2024-03-14 11:23:28,271 [Worker-14: Creating spring-mvc-archetype] INFO  o.e.m.c.i.e.AbstractTransferListenerAdapter - Downloading https://repo.maven.apache.org/maven2/org/apache/maven/shared/maven-filtering/3.3.1/maven-filtering-3.3.1.pom
2024-03-14 11:23:28,279 [Worker-14: Creating spring-mvc-archetype] INFO  o.e.m.c.i.e.AbstractTransferListenerAdapter - Downloaded https://repo.maven.apache.org/maven2/org/apache/maven/shared/maven-filtering/3.3.1/maven-filtering-3.3.1.pom
2024-03-14 11:23:28,401 [Worker-14: Creating spring-mvc-archetype] INFO  o.e.m.c.i.e.AbstractTransferListenerAdapter - Downloading https://repo.maven.apache.org/maven2/org/apache/maven/maven-settings/3.2.5/maven-settings-3.2.5.pom
2024-03-14 11:23:28,451 [Worker-14: Creating spring-mvc-archetype] INFO  o.e.m.c.i.e.AbstractTransferListenerAdapter - Downloaded https://repo.maven.apache.org/maven2/org/apache/maven/maven-settings/3.2.5/maven-settings-3.2.5.pom
2024-03-14 11:23:28,526 [Worker-14: Creating spring-mvc-archetype] INFO  o.e.m.c.i.e.AbstractTransferListenerAdapter - Downloading https://repo.maven.apache.org/maven2/org/apache/maven/maven/3.2.5/maven-3.2.5.pom
2024-03-14 11:23:28,557 [Worker-14: Creating spring-mvc-archetype] INFO  o.e.m.c.i.e.AbstractTransferListenerAdapter - Downloaded https://repo.maven.apache.org/maven2/org/apache/maven/maven/3.2.5/maven-3.2.5.pom
2024-03-14 11:23:28,697 [Worker-14: Creating spring-mvc-archetype] INFO  o.e.m.c.i.e.AbstractTransferListenerAdapter - Downloading https://repo.maven.apache.org/maven2/org/codehaus/plexus/plexus-component-annotations/1.5.4/plexus-component-annotations-1.5.4.pom
2024-03-14 11:23:28,704 [Worker-14: Creating spring-mvc-archetype] INFO  o.e.m.c.i.e.AbstractTransferListenerAdapter - Downloaded https://repo.maven.apache.org/maven2/org/codehaus/plexus/plexus-component-annotations/1.5.4/plexus-component-annotations-1.5.4.pom
2024-03-14 11:23:28,755 [Worker-14: Creating spring-mvc-archetype] INFO  o.e.m.c.i.e.AbstractTransferListenerAdapter - Downloading https://repo.maven.apache.org/maven2/org/codehaus/plexus/plexus-containers/1.5.4/plexus-containers-1.5.4.pom
2024-03-14 11:23:28,759 [Worker-14: Creating spring-mvc-archetype] INFO  o.e.m.c.i.e.AbstractTransferListenerAdapter - Downloaded https://repo.maven.apache.org/maven2/org/codehaus/plexus/plexus-containers/1.5.4/plexus-containers-1.5.4.pom
2024-03-14 11:23:28,816 [Worker-14: Creating spring-mvc-archetype] INFO  o.e.m.c.i.e.AbstractTransferListenerAdapter - Downloading https://repo.maven.apache.org/maven2/org/codehaus/plexus/plexus/2.0.5/plexus-2.0.5.pom
2024-03-14 11:23:28,875 [Worker-14: Creating spring-mvc-archetype] INFO  o.e.m.c.i.e.AbstractTransferListenerAdapter - Downloaded https://repo.maven.apache.org/maven2/org/codehaus/plexus/plexus/2.0.5/plexus-2.0.5.pom
2024-03-14 11:23:29,047 [Worker-14: Creating spring-mvc-archetype] INFO  o.e.m.c.i.e.AbstractTransferListenerAdapter - Downloading https://repo.maven.apache.org/maven2/org/apache/maven/maven-archiver/3.6.0/maven-archiver-3.6.0.jar
2024-03-14 11:23:29,061 [Worker-14: Creating spring-mvc-archetype] INFO  o.e.m.c.i.e.AbstractTransferListenerAdapter - Downloaded https://repo.maven.apache.org/maven2/org/apache/maven/maven-archiver/3.6.0/maven-archiver-3.6.0.jar
2024-03-14 11:23:29,286 [BasicRepositoryConnector-repo.maven.apache.org-0-1] INFO  o.e.m.c.i.e.AbstractTransferListenerAdapter - Downloading https://repo.maven.apache.org/maven2/org/apache/maven/shared/maven-shared-utils/3.4.2/maven-shared-utils-3.4.2.jar
2024-03-14 11:23:29,392 [BasicRepositoryConnector-repo.maven.apache.org-0-2] INFO  o.e.m.c.i.e.AbstractTransferListenerAdapter - Downloading https://repo.maven.apache.org/maven2/org/slf4j/slf4j-api/1.7.36/slf4j-api-1.7.36.jar
2024-03-14 11:23:29,515 [BasicRepositoryConnector-repo.maven.apache.org-0-1] INFO  o.e.m.c.i.e.AbstractTransferListenerAdapter - Downloaded https://repo.maven.apache.org/maven2/org/apache/maven/shared/maven-shared-utils/3.4.2/maven-shared-utils-3.4.2.jar
2024-03-14 11:23:29,520 [BasicRepositoryConnector-repo.maven.apache.org-0-2] INFO  o.e.m.c.i.e.AbstractTransferListenerAdapter - Downloaded https://repo.maven.apache.org/maven2/org/slf4j/slf4j-api/1.7.36/slf4j-api-1.7.36.jar
2024-03-14 11:23:29,526 [BasicRepositoryConnector-repo.maven.apache.org-0-3] INFO  o.e.m.c.i.e.AbstractTransferListenerAdapter - Downloading https://repo.maven.apache.org/maven2/commons-io/commons-io/2.13.0/commons-io-2.13.0.jar
2024-03-14 11:23:29,548 [BasicRepositoryConnector-repo.maven.apache.org-0-0] INFO  o.e.m.c.i.e.AbstractTransferListenerAdapter - Downloading https://repo.maven.apache.org/maven2/org/codehaus/plexus/plexus-io/3.4.0/plexus-io-3.4.0.jar
2024-03-14 11:23:29,583 [BasicRepositoryConnector-repo.maven.apache.org-0-4] INFO  o.e.m.c.i.e.AbstractTransferListenerAdapter - Downloading https://repo.maven.apache.org/maven2/org/codehaus/plexus/plexus-archiver/4.7.1/plexus-archiver-4.7.1.jar
2024-03-14 11:23:29,947 [BasicRepositoryConnector-repo.maven.apache.org-0-1] INFO  o.e.m.c.i.e.AbstractTransferListenerAdapter - Downloading https://repo.maven.apache.org/maven2/javax/inject/javax.inject/1/javax.inject-1.jar
2024-03-14 11:23:29,947 [BasicRepositoryConnector-repo.maven.apache.org-0-2] INFO  o.e.m.c.i.e.AbstractTransferListenerAdapter - Downloading https://repo.maven.apache.org/maven2/org/apache/commons/commons-compress/1.23.0/commons-compress-1.23.0.jar
2024-03-14 11:23:29,952 [BasicRepositoryConnector-repo.maven.apache.org-0-1] INFO  o.e.m.c.i.e.AbstractTransferListenerAdapter - Downloaded https://repo.maven.apache.org/maven2/javax/inject/javax.inject/1/javax.inject-1.jar
2024-03-14 11:23:30,339 [BasicRepositoryConnector-repo.maven.apache.org-0-0] INFO  o.e.m.c.i.e.AbstractTransferListenerAdapter - Downloaded https://repo.maven.apache.org/maven2/org/codehaus/plexus/plexus-io/3.4.0/plexus-io-3.4.0.jar
2024-03-14 11:23:30,367 [BasicRepositoryConnector-repo.maven.apache.org-0-1] INFO  o.e.m.c.i.e.AbstractTransferListenerAdapter - Downloading https://repo.maven.apache.org/maven2/org/tukaani/xz/1.9/xz-1.9.jar
2024-03-14 11:23:30,761 [BasicRepositoryConnector-repo.maven.apache.org-0-0] INFO  o.e.m.c.i.e.AbstractTransferListenerAdapter - Downloading https://repo.maven.apache.org/maven2/com/github/luben/zstd-jni/1.5.5-2/zstd-jni-1.5.5-2.jar
2024-03-14 11:23:30,976 [BasicRepositoryConnector-repo.maven.apache.org-0-1] INFO  o.e.m.c.i.e.AbstractTransferListenerAdapter - Downloaded https://repo.maven.apache.org/maven2/org/tukaani/xz/1.9/xz-1.9.jar
2024-03-14 11:23:31,232 [BasicRepositoryConnector-repo.maven.apache.org-0-1] INFO  o.e.m.c.i.e.AbstractTransferListenerAdapter - Downloading https://repo.maven.apache.org/maven2/org/codehaus/plexus/plexus-utils/3.5.1/plexus-utils-3.5.1.jar
2024-03-14 11:23:31,250 [BasicRepositoryConnector-repo.maven.apache.org-0-4] INFO  o.e.m.c.i.e.AbstractTransferListenerAdapter - Downloaded https://repo.maven.apache.org/maven2/org/codehaus/plexus/plexus-archiver/4.7.1/plexus-archiver-4.7.1.jar
2024-03-14 11:23:31,335 [BasicRepositoryConnector-repo.maven.apache.org-0-4] INFO  o.e.m.c.i.e.AbstractTransferListenerAdapter - Downloading https://repo.maven.apache.org/maven2/org/apache/maven/shared/maven-filtering/3.3.1/maven-filtering-3.3.1.jar
2024-03-14 11:23:31,794 [BasicRepositoryConnector-repo.maven.apache.org-0-4] INFO  o.e.m.c.i.e.AbstractTransferListenerAdapter - Downloaded https://repo.maven.apache.org/maven2/org/apache/maven/shared/maven-filtering/3.3.1/maven-filtering-3.3.1.jar
2024-03-14 11:23:32,457 [BasicRepositoryConnector-repo.maven.apache.org-0-1] INFO  o.e.m.c.i.e.AbstractTransferListenerAdapter - Downloaded https://repo.maven.apache.org/maven2/org/codehaus/plexus/plexus-utils/3.5.1/plexus-utils-3.5.1.jar
2024-03-14 11:23:32,602 [BasicRepositoryConnector-repo.maven.apache.org-0-3] INFO  o.e.m.c.i.e.AbstractTransferListenerAdapter - Downloaded https://repo.maven.apache.org/maven2/commons-io/commons-io/2.13.0/commons-io-2.13.0.jar
2024-03-14 11:23:33,231 [BasicRepositoryConnector-repo.maven.apache.org-0-2] INFO  o.e.m.c.i.e.AbstractTransferListenerAdapter - Downloaded https://repo.maven.apache.org/maven2/org/apache/commons/commons-compress/1.23.0/commons-compress-1.23.0.jar
2024-03-14 11:23:47,425 [BasicRepositoryConnector-repo.maven.apache.org-0-0] INFO  o.e.m.c.i.e.AbstractTransferListenerAdapter - Downloaded https://repo.maven.apache.org/maven2/com/github/luben/zstd-jni/1.5.5-2/zstd-jni-1.5.5-2.jar
2024-03-14 11:23:48,049 [Worker-14: Creating spring-mvc-archetype] INFO  o.e.m.c.i.e.AbstractTransferListenerAdapter - Downloading https://repo.maven.apache.org/maven2/org/apache/commons/commons-lang3/3.12.0/commons-lang3-3.12.0.pom
2024-03-14 11:23:48,173 [Worker-14: Creating spring-mvc-archetype] INFO  o.e.m.c.i.e.AbstractTransferListenerAdapter - Downloaded https://repo.maven.apache.org/maven2/org/apache/commons/commons-lang3/3.12.0/commons-lang3-3.12.0.pom
2024-03-14 11:23:48,235 [Worker-14: Creating spring-mvc-archetype] INFO  o.e.m.c.i.e.AbstractTransferListenerAdapter - Downloading https://repo.maven.apache.org/maven2/org/junit/junit-bom/5.7.1/junit-bom-5.7.1.pom
2024-03-14 11:23:48,247 [Worker-14: Creating spring-mvc-archetype] INFO  o.e.m.c.i.e.AbstractTransferListenerAdapter - Downloaded https://repo.maven.apache.org/maven2/org/junit/junit-bom/5.7.1/junit-bom-5.7.1.pom
2024-03-14 11:23:48,333 [Worker-14: Creating spring-mvc-archetype] INFO  o.e.m.c.i.e.AbstractTransferListenerAdapter - Downloading https://repo.maven.apache.org/maven2/commons-io/commons-io/2.11.0/commons-io-2.11.0.jar
2024-03-14 11:23:49,899 [Worker-14: Creating spring-mvc-archetype] INFO  o.e.m.c.i.e.AbstractTransferListenerAdapter - Downloaded https://repo.maven.apache.org/maven2/commons-io/commons-io/2.11.0/commons-io-2.11.0.jar
2024-03-14 11:23:49,950 [BasicRepositoryConnector-repo.maven.apache.org-1-0] INFO  o.e.m.c.i.e.AbstractTransferListenerAdapter - Downloading https://repo.maven.apache.org/maven2/org/apache/commons/commons-lang3/3.12.0/commons-lang3-3.12.0.jar
2024-03-14 11:23:51,916 [BasicRepositoryConnector-repo.maven.apache.org-1-0] INFO  o.e.m.c.i.e.AbstractTransferListenerAdapter - Downloaded https://repo.maven.apache.org/maven2/org/apache/commons/commons-lang3/3.12.0/commons-lang3-3.12.0.jar
2024-03-14 11:23:51,962 [Worker-14: Creating spring-mvc-archetype] INFO  o.e.m.j.i.AbstractJavaProjectConfigurator - Adding source folder /Springmvc/src/main/java
2024-03-14 11:23:51,964 [Worker-14: Creating spring-mvc-archetype] INFO  o.e.m.j.i.AbstractJavaProjectConfigurator - Adding resource folder /Springmvc/src/main/resources
2024-03-14 11:23:51,965 [Worker-14: Creating spring-mvc-archetype] INFO  o.e.m.j.i.AbstractJavaProjectConfigurator - Adding source folder /Springmvc/src/test/java
2024-03-14 11:23:51,966 [Worker-14: Creating spring-mvc-archetype] INFO  o.e.m.j.i.AbstractJavaProjectConfigurator - Adding resource folder /Springmvc/src/test/resources
2024-03-14 11:23:52,189 [Worker-14: Creating spring-mvc-archetype] INFO  o.e.m.c.i.p.ProjectConfigurationManager - Imported and configured 1 project(s) in 29 sec
2024-03-14 11:23:52,947 [Worker-12: Building] WARN  o.a.m.s.f.DefaultMavenResourcesFiltering - Using platform encoding (Cp1252 actually) to copy filtered resources, i.e. build is platform dependent!
2024-03-14 11:23:52,949 [Worker-12: Building] INFO  o.a.m.s.f.DefaultMavenResourcesFiltering - skip non existing resourceDirectory C:\Users\Patil\Documents\workspace-spring-tool-suite-4-4.22.0.RELEASE\Springmvc\src\main\resources
2024-03-14 11:23:52,955 [Worker-12: Building] WARN  o.a.m.s.f.DefaultMavenResourcesFiltering - Using platform encoding (Cp1252 actually) to copy filtered resources, i.e. build is platform dependent!
2024-03-14 11:23:52,957 [Worker-12: Building] INFO  o.a.m.s.f.DefaultMavenResourcesFiltering - skip non existing resourceDirectory C:\Users\Patil\Documents\workspace-spring-tool-suite-4-4.22.0.RELEASE\Springmvc\src\test\resources
